<?xml version="1.0" encoding="UTF-8" ?>
<testsuite tests="4" failures="0" name="com.abc.dataAccessObject.ProductImpTest" time="0.068" errors="0" skipped="0">
  <properties>
[...]
</properties>
  <testcase classname="com.abc.dataAccessObject.ProductImpTest" name="readUserShouldWorkSuccessfully" time="0.061"/>
  <testcase classname="com.abc.dataAccessObject.ProductImpTest" name="createUserShouldWorkSuccessfully" time="0.001"/>
  <testcase classname="com.abc.dataAccessObject.ProductImpTest" name="readDesciptionUserShouldWorkSuccessfully" time="0.003"/>
  <testcase classname="com.abc.dataAccessObject.ProductImpTest" name="readPriceUserShouldWorkSuccessfully" time="0.003"/>
</testsuite>